2024-07-15 13:18:28,094 - INFO - Construtor inicializado.
2024-07-15 13:18:28,094 - INFO - Set ExcelApp.
2024-07-15 13:18:30,147 - INFO - ExcelApp inicializado.
2024-07-15 13:18:30,147 - INFO - Set Json file.
2024-07-15 13:18:30,147 - INFO - Arquivo Json setado.
2024-07-15 13:18:30,147 - INFO - Get Json file.
2024-07-15 13:18:30,160 - INFO - Set Json data.
2024-07-15 13:18:30,160 - INFO - Arquivo Json lido.
2024-07-15 13:18:30,160 - INFO - Get Json data.
2024-07-15 13:18:30,160 - INFO - Chave: gestao_desempenho.
2024-07-15 13:18:30,160 - INFO - Rota de gestao_desempenho existente.
2024-07-15 13:18:30,160 - INFO - Arquivo: Slave 1
2024-07-15 13:18:30,160 - INFO - Arquivo: Slave 1 existente.
2024-07-15 13:18:30,160 - INFO - Iniciando atualização do arquivo C:\Users\elcio.mateus\Documents\Élcio\auto excel pci(Alexandre Torres)\files\A\Slave 1.xlsx
2024-07-15 13:18:30,167 - INFO - Get ExcelApp.
2024-07-15 13:18:31,362 - INFO - Workbook iniciado.
2024-07-15 13:18:31,362 - INFO - Get ExcelApp.
2024-07-15 13:18:31,905 - INFO - Arquivo atualizado.
2024-07-15 13:18:31,989 - INFO - Arquivo salvo.
2024-07-15 13:18:32,066 - INFO - Workbook fechado.
2024-07-15 13:18:32,067 - INFO - Arquivo: Slave 2
2024-07-15 13:18:32,071 - INFO - Arquivo: Slave 2 existente.
2024-07-15 13:18:32,071 - INFO - Iniciando atualização do arquivo C:\Users\elcio.mateus\Documents\Élcio\auto excel pci(Alexandre Torres)\files\A\Slave 2.xlsx
2024-07-15 13:18:32,071 - INFO - Get ExcelApp.
2024-07-15 13:18:32,363 - INFO - Workbook iniciado.
2024-07-15 13:18:32,363 - INFO - Get ExcelApp.
2024-07-15 13:18:32,816 - INFO - Arquivo atualizado.
2024-07-15 13:18:32,931 - INFO - Arquivo salvo.
2024-07-15 13:18:33,048 - INFO - Workbook fechado.
2024-07-15 13:18:33,048 - INFO - Chave: tubos_comercial.
2024-07-15 13:18:33,048 - INFO - Rota de tubos_comercial existente.
2024-07-15 13:18:33,049 - INFO - Arquivo: Slave 3
2024-07-15 13:18:33,049 - INFO - Arquivo: Slave 3 existente.
2024-07-15 13:18:33,049 - INFO - Iniciando atualização do arquivo C:\Users\elcio.mateus\Documents\Élcio\auto excel pci(Alexandre Torres)\files\B\Slave 3.xlsx
2024-07-15 13:18:33,049 - INFO - Get ExcelApp.
2024-07-15 13:18:33,432 - INFO - Workbook iniciado.
2024-07-15 13:18:33,433 - INFO - Get ExcelApp.
2024-07-15 13:18:33,590 - INFO - Arquivo atualizado.
2024-07-15 13:18:33,642 - INFO - Arquivo salvo.
2024-07-15 13:18:33,723 - INFO - Workbook fechado.
2024-07-15 13:18:33,724 - INFO - Arquivo: Slave 4
2024-07-15 13:18:33,725 - INFO - Arquivo: Slave 4 existente.
2024-07-15 13:18:33,725 - INFO - Iniciando atualização do arquivo C:\Users\elcio.mateus\Documents\Élcio\auto excel pci(Alexandre Torres)\files\B\Slave 4.xlsx
2024-07-15 13:18:33,725 - INFO - Get ExcelApp.
2024-07-15 13:18:33,946 - INFO - Workbook iniciado.
2024-07-15 13:18:33,947 - INFO - Get ExcelApp.
2024-07-15 13:18:33,963 - INFO - Arquivo atualizado.
2024-07-15 13:18:34,006 - INFO - Arquivo salvo.
2024-07-15 13:18:34,079 - INFO - Workbook fechado.
2024-07-15 13:18:34,080 - INFO - Fechando ExcelApp e encerrando aplicação.
2024-07-15 13:18:34,080 - INFO - Get ExcelApp.
